1653976978500	geckodriver	INFO	Listening on 127.0.0.1:56914
1653976981540	mozrunner::runner	INFO	Running command: "C:\\Program Files\\Mozilla Firefox\\firefox.exe" "--marionette" "--remote-debugging-port" "56915" "--remote-allow-hosts" "localhost" "-no-remote" "-profile" "C:\\Users\\MUHAMM~1\\AppData\\Local\\Temp\\rust_mozprofileYfU5vI"
1653976981817	Marionette	INFO	Marionette enabled
console.warn: SearchSettings: "get: No settings file exists, new profile?" (new NotFoundError("Could not open the file at C:\\Users\\MUHAMM~1\\AppData\\Local\\Temp\\rust_mozprofileYfU5vI\\search.json.mozlz4", (void 0)))
DevTools listening on ws://localhost:56915/devtools/browser/2aa777ad-cd5b-4e0c-a196-a6ec1b68f853
1653976983242	Marionette	INFO	Listening on port 56939
Read port: 56939
1653976983304	RemoteAgent	WARN	TLS certificate errors will be ignored for this session
1653976985343	Marionette	INFO	Stopped listening on port 56939
console.warn: TopSitesFeed: Failed to fetch data from Contile server: NetworkError when attempting to fetch resource.
[Parent 3732, IPC I/O Parent] WARNING: file /builds/worker/checkouts/gecko/ipc/chromium/src/base/process_util_win.cc:167
[Parent 3732, IPC I/O Parent] WARNING: file /builds/worker/checkouts/gecko/ipc/chromium/src/base/process_util_win.cc:167
1653977006800	geckodriver	INFO	Listening on 127.0.0.1:56983
1653977009854	mozrunner::runner	INFO	Running command: "C:\\Program Files\\Mozilla Firefox\\firefox.exe" "--marionette" "--remote-debugging-port" "56984" "--remote-allow-hosts" "localhost" "-no-remote" "-profile" "C:\\Users\\MUHAMM~1\\AppData\\Local\\Temp\\rust_mozprofileqUaLEd"
1653977010091	Marionette	INFO	Marionette enabled
console.warn: SearchSettings: "get: No settings file exists, new profile?" (new NotFoundError("Could not open the file at C:\\Users\\MUHAMM~1\\AppData\\Local\\Temp\\rust_mozprofileqUaLEd\\search.json.mozlz4", (void 0)))
DevTools listening on ws://localhost:56984/devtools/browser/a32c61c5-477b-4ebf-acdf-560afd5e05e5
1653977011312	Marionette	INFO	Listening on port 57008
Read port: 57008
1653977011400	RemoteAgent	WARN	TLS certificate errors will be ignored for this session
1653977012996	Marionette	INFO	Stopped listening on port 57008
console.warn: TopSitesFeed: Failed to fetch data from Contile server: NetworkError when attempting to fetch resource.
[Parent 16244, IPC I/O Parent] WARNING: file /builds/worker/checkouts/gecko/ipc/chromium/src/base/process_util_win.cc:167
[Parent 16244, IPC I/O Parent] WARNING: file /builds/worker/checkouts/gecko/ipc/chromium/src/base/process_util_win.cc:167
JavaScript error: resource://gre/modules/TerminatorTelemetry.jsm, line 71: AbortError: IOUtils: Shutting down and refusing additional I/O tasks
[Parent 16244, IPC I/O Parent] WARNING: file /builds/worker/checkouts/gecko/ipc/chromium/src/base/process_util_win.cc:167
1653977037947	geckodriver	INFO	Listening on 127.0.0.1:57044
1653977041018	mozrunner::runner	INFO	Running command: "C:\\Program Files\\Mozilla Firefox\\firefox.exe" "--marionette" "--remote-debugging-port" "57045" "--remote-allow-hosts" "localhost" "-no-remote" "-profile" "C:\\Users\\MUHAMM~1\\AppData\\Local\\Temp\\rust_mozprofile11smTF"
1653977041245	Marionette	INFO	Marionette enabled
console.warn: SearchSettings: "get: No settings file exists, new profile?" (new NotFoundError("Could not open the file at C:\\Users\\MUHAMM~1\\AppData\\Local\\Temp\\rust_mozprofile11smTF\\search.json.mozlz4", (void 0)))
DevTools listening on ws://localhost:57045/devtools/browser/23bd9f66-11e2-4f48-bb72-852a011b7b48
1653977042524	Marionette	INFO	Listening on port 57067
Read port: 57067
1653977042565	RemoteAgent	WARN	TLS certificate errors will be ignored for this session
JavaScript error: https://warframe.fandom.com/load.php?lang=en&modules=ext.fandom.ImportJs%2Csite&skin=fandomdesktop&version=1r5tg, line 209: ReferenceError: skin is not defined
JavaScript error: https://eus.rubiconproject.com/usync.js, line 4: SecurityError: The operation is insecure.
JavaScript warning: https://z.moatads.com/wikiadfp866051287149/moatad.js#moatClientLevel1=5036409975&moatClientLevel2=3029190874&moatClientLevel3=6018571800&moatClientLevel4=138392904679&moatClientSlicer1=21783922112&moatClientSlicer2=22430243130, line 244: WEBGL_debug_renderer_info is deprecated in Firefox and will be removed. Please use RENDERER.
JavaScript warning: https://pagead2.googlesyndication.com/bg/QVskxRw7CvsogGZyHRgqudPcMMWoBc1HqTdFrXgdWFU.js line 2 > eval line 3736 > eval line 1 > eval line 1 > eval, line 1: WEBGL_debug_renderer_info is deprecated in Firefox and will be removed. Please use RENDERER.
1653977049548	Marionette	INFO	Stopped listening on port 57067
JavaScript error: , line 0: TypeError: NetworkError when attempting to fetch resource.
JavaScript error: , line 0: TypeError: NetworkError when attempting to fetch resource.
JavaScript error: , line 0: TypeError: NetworkError when attempting to fetch resource.
console.warn: TopSitesFeed: Failed to fetch data from Contile server: NetworkError when attempting to fetch resource.
[Parent 7644, IPC I/O Parent] WARNING: file /builds/worker/checkouts/gecko/ipc/chromium/src/base/process_util_win.cc:167
1653977053883	geckodriver	INFO	Listening on 127.0.0.1:58774
1653977056900	mozrunner::runner	INFO	Running command: "C:\\Program Files\\Mozilla Firefox\\firefox.exe" "--marionette" "--remote-debugging-port" "58775" "--remote-allow-hosts" "localhost" "-no-remote" "-profile" "C:\\Users\\MUHAMM~1\\AppData\\Local\\Temp\\rust_mozprofilebl2hDO"
1653977057127	Marionette	INFO	Marionette enabled
console.warn: SearchSettings: "get: No settings file exists, new profile?" (new NotFoundError("Could not open the file at C:\\Users\\MUHAMM~1\\AppData\\Local\\Temp\\rust_mozprofilebl2hDO\\search.json.mozlz4", (void 0)))
DevTools listening on ws://localhost:58775/devtools/browser/1e3ab9cc-695d-4d63-956b-61c4c28bdcc5
1653977058342	Marionette	INFO	Listening on port 58798
Read port: 58798
1653977058445	RemoteAgent	WARN	TLS certificate errors will be ignored for this session
JavaScript error: https://warframe.fandom.com/load.php?lang=en&modules=ext.fandom.ImportJs%2Csite&skin=fandomdesktop&version=1r5tg, line 209: ReferenceError: skin is not defined
JavaScript error: https://eus.rubiconproject.com/usync.js, line 4: SecurityError: The operation is insecure.
JavaScript warning: https://pagead2.googlesyndication.com/bg/QVskxRw7CvsogGZyHRgqudPcMMWoBc1HqTdFrXgdWFU.js line 2 > eval line 5932 > eval line 1 > eval line 1 > eval, line 1: WEBGL_debug_renderer_info is deprecated in Firefox and will be removed. Please use RENDERER.
JavaScript warning: https://z.moatads.com/wikiadfp86605128711653977065614	mozrunner::runner	INFO	Running command: "C:\\Program Files\\Mozilla Firefox\\firefox.exe" "--marionette" "--remote-debugging-port" "59046" "--remote-allow-hosts" "localhost" "-no-remote" "-profile" "C:\\Users\\MUHAMM~1\\AppData\\Local\\Temp\\rust_mozprofileECjAKw"
1653977065848	Marionette	INFO	Marionette enabled
console.warn: SearchSettings: "get: No settings file exists, new profile?" (new NotFoundError("Could not open the file at C:\\Users\\MUHAMM~1\\AppData\\Local\\Temp\\rust_mozprofileECjAKw\\search.json.mozlz4", (void 0)))
DevTools listening on ws://localhost:59046/devtools/browser/68c5ba36-af33-47f4-8919-50ea6038f6a4
1653977067166	Marionette	INFO	Listening on port 59155
Read port: 59155
1653977067269	RemoteAgent	WARN	TLS certificate errors will be ignored for this session
1653977103624	geckodriver	INFO	Listening on 127.0.0.1:59231
1653977106670	mozrunner::runner	INFO	Running command: "C:\\Program Files\\Mozilla Firefox\\firefox.exe" "--marionette" "--remote-debugging-port" "59232" "--remote-allow-hosts" "localhost" "-no-remote" "-profile" "C:\\Users\\MUHAMM~1\\AppData\\Local\\Temp\\rust_mozprofileDDGYWP"
1653977106894	Marionette	INFO	Marionette enabled
console.warn: SearchSettings: "get: No settings file exists, new profile?" (new NotFoundError("Could not open the file at C:\\Users\\MUHAMM~1\\AppData\\Local\\Temp\\rust_mozprofileDDGYWP\\search.json.mozlz4", (void 0)))
DevTools listening on ws://localhost:59232/devtools/browser/fdc22a09-6507-4904-9a31-024d0187e9b0
1653977108171	Marionette	INFO	Listening on port 59256
Read port: 59256
1653977108207	RemoteAgent	WARN	TLS certificate errors will be ignored for this session
JavaScript error: https://warframe.fandom.com/load.php?lang=en&modules=ext.fandom.ImportJs%2Csite&skin=fandomdesktop&version=1r5tg, line 209: ReferenceError: skin is not defined
JavaScript error: https://eus.rubiconproject.com/usync.js, line 4: SecurityError: The operation is insecure.
JavaScript warning: https://pagead2.googlesyndication.com/bg/QVskxRw7CvsogGZyHRgqudPcMMWoBc1HqTdFrXgdWFU.js line 2 > eval line 3110 > eval line 1 > eval line 1 > eval, line 1: WEBGL_debug_renderer_info is deprecated in Firefox and will be removed. Please use RENDERER.
JavaScript warning: https://z.moatads.com/wikiadfp866051287149/moatad.js#moatClientLevel1=5036409975&moatClientLevel2=3029190874&moatClientLevel3=6018571800&moatClientLevel4=138392904679&moatClientSlicer1=21783922112&moatClientSlicer2=22430243130, line 244: WEBGL_debug_renderer_info is deprecated in Firefox and will be removed. Please use RENDERER.
1653977114387	Marionette	INFO	Stopped listening on port 59256
JavaScript error: , line 0: TypeError: NetworkError when attempting to fetch resource.
JavaScript error: , line 0: TypeError: NetworkError when attempting to fetch resource.
console.warn: TopSitesFeed: Failed to fetch data from Contile server: NetworkError when attempting to fetch resource.
[Parent 13260, IPC I/O Parent] WARNING: file /builds/worker/checkouts/gecko/ipc/chromium/src/base/process_util_win.cc:167
1653977129204	geckodriver	INFO	Listening on 127.0.0.1:59582
1653977132243	mozrunner::runner	INFO	Running command: "C:\\Program Files\\Mozilla Firefox\\firefox.exe" "--marionette" "--remote-debugging-port" "59583" "--remote-allow-hosts" "localhost" "-no-remote" "-profile" "C:\\Users\\MUHAMM~1\\AppData\\Local\\Temp\\rust_mozprofileDjKTGJ"
1653977132466	Marionette	INFO	Marionette enabled
console.warn: SearchSettings: "get: No settings file exists, new profile?" (new NotFoundError("Could not open the file at C:\\Users\\MUHAMM~1\\AppData\\Local\\Temp\\rust_mozprofileDjKTGJ\\search.json.mozlz4", (void 0)))
DevTools listening on ws://localhost:59583/devtools/browser/7510889b-1be5-4896-938e-15d4ad08ab49
1653977133759	Marionette	INFO	Listening on port 59608
Read port: 59608
1653977133788	RemoteAgent	WARN	TLS certificate errors will be ignored for this session
JavaScript error: https://warframe.fandom.com/load.php?lang=en&modules=ext.fandom.ImportJs%2Csite&skin=fandomdesktop&version=1r5tg, line 209: ReferenceError: skin is not defined
JavaScript error: https://eus.rubiconproject.com/usync.js, line 4: SecurityError: The operation is insecure.
JavaScript error: https://script.wikia.nocookie.net/fandom-ae-assets/tracking-opt-in/v9.1.0/tracking-opt-in.min.js, line 8: TypeError: n is null
JavaScript warning: https://pagead2.googlesyndication.com/bg/QVskxRw7CvsogGZyHRgqudPcMMWoBc1HqTdFrXgdWFU.js line 2 > eval line 6963 > eval line 1 > eval line 1 > eval, line 1: WEBGL_debug_renderer_info is deprecated in Firefox and will be removed. Please use RENDERER.
1653977140691	Marionette	INFO	Stopped listening on port 59608
JavaScript error: , line 0: TypeError: NetworkError when attempting to fetch resource.
JavaScript error: , line 0: TypeError: NetworkError when attempting to fetch resource.
JavaScript error: , line 0: TypeError: NetworkError when attempting to fetch resource.
console.warn: TopSitesFeed: Failed to fetch data from Contile server: NetworkError when attempting to fetch resource.
[Parent 612, IPC I/O Parent] WARNING: file /builds/worker/checkouts/gecko/ipc/chromium/src/base/process_util_win.cc:167
1653977155264	geckodriver	INFO	Listening on 127.0.0.1:49552
1653977158292	mozrunner::runner	INFO	Running command: "C:\\Program Files\\Mozilla Firefox\\firefox.exe" "--marionette" "--remote-debugging-port" "49553" "--remote-allow-hosts" "localhost" "-no-remote" "-profile" "C:\\Users\\MUHAMM~1\\AppData\\Local\\Temp\\rust_mozprofileOhLUUj"
1653977158516	Marionette	INFO	Marionette enabled
console.warn: SearchSettings: "get: No settings file exists, new profile?" (new NotFoundError("Could not open the file at C:\\Users\\MUHAMM~1\\AppData\\Local\\Temp\\rust_mozprofileOhLUUj\\search.json.mozlz4", (void 0)))
DevTools listening on ws://localhost:49553/devtools/browser/09cbcb84-20c2-458c-a3b2-1115f78027ee
1653977159838	Marionette	INFO	Listening on port 49578
Read port: 49578
1653977159945	RemoteAgent	WARN	TLS certificate errors will be ignored for this session
JavaScript error: resource:///actors/ContextMenuChild.jsm, line 559: TypeError: doc is null
JavaScript error: https://warframe.fandom.com/load.php?lang=en&modules=ext.fandom.ImportJs%2Csite&skin=fandomdesktop&version=1r5tg, line 209: ReferenceError: skin is not defined
JavaScript error: https://eus.rubiconproject.com/usync.js, line 4: SecurityError: The operation is insecure.
JavaScript warning: https://pagead2.googlesyndication.com/bg/QVskxRw7CvsogGZyHRgqudPcMMWoBc1HqTdFrXgdWFU.js line 2 > eval line 500 > eval line 1 > eval line 1 > eval, line 1: WEBGL_debug_renderer_info is deprecated in Firefox and will be removed. Please use RENDERER.
JavaScript warning: https://z.moatads.com/wikiadfp866051287149/moatad.js#moatClientLevel1=5036409975&moatClientLevel2=3029190874&moatClientLevel3=6018571800&moatClientLevel4=138392904679&moatClientSlicer1=21783922112&moatClientSlicer2=22430243130, line 244: WEBGL_debug_renderer_info is deprecated in Firefox and will be removed. Please use RENDERER.
1653977215161	geckodriver	INFO	Listening on 127.0.0.1:49932
1653977218223	mozrunner::runner	INFO	Running command: "C:\\Program Files\\Mozilla Firefox\\firefox.exe" "--marionette" "--remote-debugging-port" "49933" "--remote-allow-hosts" "localhost" "-no-remote" "-profile" "C:\\Users\\MUHAMM~1\\AppData\\Local\\Temp\\rust_mozprofilebxy4tr"
1653977218458	Marionette	INFO	Marionette enabled
console.warn: SearchSettings: "get: No settings file exists, new profile?" (new NotFoundError("Could not open the file at C:\\Users\\MUHAMM~1\\AppData\\Local\\Temp\\rust_mozprofilebxy4tr\\search.json.mozlz4", (void 0)))
DevTools listening on ws://localhost:49933/devtools/browser/3127bb98-1164-4f98-af18-4ff3b8bdbcf5
1653977219855	Marionette	INFO	Listening on port 49963
Read port: 49963
1653977219888	RemoteAgent	WARN	TLS certificate errors will be ignored for this session
JavaScript error: https://warframe.fandom.com/load.php?lang=en&modules=ext.fandom.ImportJs%2Csite&skin=fandomdesktop&version=1r5tg, line 209: ReferenceError: skin is not defined
1653977222582	Marionette	INFO	Stopped listening on port 49963
JavaScript error: resource://devtools/client/jsonview/Sniffer.jsm, line 56: NS_ERROR_NOT_AVAILABLE: Component returned failure code: 0x80040111 (NS_ERROR_NOT_AVAILABLE) [nsIChannel.contentType]
console.warn: TopSitesFeed: Failed to fetch data from Contile server: NetworkError when attempting to fetch resource.
JavaScript error: chrome://remote/content/marionette/cert.js, line 55: NS_ERROR_NOT_AVAILABLE: Component returned failure code: 0x80040111 (NS_ERROR_NOT_AVAILABLE) [nsICertOverrideService.setDisableAllSecurityChecksAndLetAttackersInterceptMyData]
[Parent 4908, IPC I/O Parent] WARNING: file /builds/worker/checkouts/gecko/ipc/chromium/src/base/process_util_win.cc:167
